# JRE version: Java(TM) SE Runtime Environment (8.0_40-b25) (build 1.8.0_40-b25)
# Java VM: Java HotSpot(TM) 64-Bit Server VM (25.40-b25 mixed mode windows-amd64 compressed oops)
Heap:
 PSYoungGen      total 202752K, used 78037K [0x00000000eb100000, 0x00000000f8e80000, 0x0000000100000000)
  eden space 190976K, 40% used [0x00000000eb100000,0x00000000efd356d0,0x00000000f6b80000)
  from space 11776K, 0% used [0x00000000f7c00000,0x00000000f7c00000,0x00000000f8780000)
  to   space 16896K, 0% used [0x00000000f6b80000,0x00000000f6b80000,0x00000000f7c00000)
 ParOldGen       total 55808K, used 25933K [0x00000000c1200000, 0x00000000c4880000, 0x00000000eb100000)
  object space 55808K, 46% used [0x00000000c1200000,0x00000000c2b53788,0x00000000c4880000)
 Metaspace       used 39206K, capacity 41095K, committed 41336K, reserved 1085440K
  class space    used 5082K, capacity 5440K, committed 5496K, reserved 1048576K
GC Heap History (10 events):
Event: 3.177 GC heap before
{Heap before GC invocations=8 (full 0):
 PSYoungGen      total 73216K, used 4347K [0x00000000eb100000, 0x00000000f4000000, 0x0000000100000000)
  eden space 64512K, 1% used [0x00000000eb100000,0x00000000eb234d08,0x00000000ef000000)
  from space 8704K, 35% used [0x00000000ef000000,0x00000000ef30a0b0,0x00000000ef880000)
  to   space 8704K, 0% used [0x00000000f3780000,0x00000000f3780000,0x00000000f4000000)
 ParOldGen       total 44032K, used 11394K [0x00000000c1200000, 0x00000000c3d00000, 0x00000000eb100000)
  object space 44032K, 25% used [0x00000000c1200000,0x00000000c1d20ad0,0x00000000c3d00000)
 Metaspace       used 21312K, capacity 21882K, committed 21960K, reserved 1069056K
  class space    used 2719K, capacity 2903K, committed 2940K, reserved 1048576K
Event: 3.189 GC heap after
Heap after GC invocations=8 (full 0):
 PSYoungGen      total 137728K, used 2144K [0x00000000eb100000, 0x00000000f4000000, 0x0000000100000000)
  eden space 129024K, 0% used [0x00000000eb100000,0x00000000eb100000,0x00000000f2f00000)
  from space 8704K, 24% used [0x00000000f3780000,0x00000000f3998000,0x00000000f4000000)
  to   space 8704K, 0% used [0x00000000f2f00000,0x00000000f2f00000,0x00000000f3780000)
 ParOldGen       total 44032K, used 12104K [0x00000000c1200000, 0x00000000c3d00000, 0x00000000eb100000)
  object space 44032K, 27% used [0x00000000c1200000,0x00000000c1dd21a8,0x00000000c3d00000)
 Metaspace       used 21312K, capacity 21882K, committed 21960K, reserved 1069056K
  class space    used 2719K, capacity 2903K, committed 2940K, reserved 1048576K
}
Event: 3.189 GC heap before
{Heap before GC invocations=9 (full 1):
 PSYoungGen      total 137728K, used 2144K [0x00000000eb100000, 0x00000000f4000000, 0x0000000100000000)
  eden space 129024K, 0% used [0x00000000eb100000,0x00000000eb100000,0x00000000f2f00000)
  from space 8704K, 24% used [0x00000000f3780000,0x00000000f3998000,0x00000000f4000000)
  to   space 8704K, 0% used [0x00000000f2f00000,0x00000000f2f00000,0x00000000f3780000)
 ParOldGen       total 44032K, used 12104K [0x00000000c1200000, 0x00000000c3d00000, 0x00000000eb100000)
  object space 44032K, 27% used [0x00000000c1200000,0x00000000c1dd21a8,0x00000000c3d00000)
 Metaspace       used 21312K, capacity 21882K, committed 21960K, reserved 1069056K
  class space    used 2719K, capacity 2903K, committed 2940K, reserved 1048576K
Event: 3.251 GC heap after
Heap after GC invocations=9 (full 1):
 PSYoungGen      total 137728K, used 0K [0x00000000eb100000, 0x00000000f4000000, 0x0000000100000000)
  eden space 129024K, 0% used [0x00000000eb100000,0x00000000eb100000,0x00000000f2f00000)
  from space 8704K, 0% used [0x00000000f3780000,0x00000000f3780000,0x00000000f4000000)
  to   space 8704K, 0% used [0x00000000f2f00000,0x00000000f2f00000,0x00000000f3780000)
 ParOldGen       total 28160K, used 5009K [0x00000000c1200000, 0x00000000c2d80000, 0x00000000eb100000)
  object space 28160K, 17% used [0x00000000c1200000,0x00000000c16e4440,0x00000000c2d80000)
 Metaspace       used 21312K, capacity 21882K, committed 21960K, reserved 1069056K
  class space    used 2719K, capacity 2903K, committed 2940K, reserved 1048576K
}
Event: 7.356 GC heap before
{Heap before GC invocations=10 (full 1):
 PSYoungGen      total 137728K, used 129024K [0x00000000eb100000, 0x00000000f4000000, 0x0000000100000000)
  eden space 129024K, 100% used [0x00000000eb100000,0x00000000f2f00000,0x00000000f2f00000)
  from space 8704K, 0% used [0x00000000f3780000,0x00000000f3780000,0x00000000f4000000)
  to   space 8704K, 0% used [0x00000000f2f00000,0x00000000f2f00000,0x00000000f3780000)
 ParOldGen       total 28160K, used 5009K [0x00000000c1200000, 0x00000000c2d80000, 0x00000000eb100000)
  object space 28160K, 17% used [0x00000000c1200000,0x00000000c16e4440,0x00000000c2d80000)
 Metaspace       used 28630K, capacity 29576K, committed 29820K, reserved 1075200K
  class space    used 3679K, capacity 3920K, committed 3964K, reserved 1048576K
Event: 7.393 GC heap after
Heap after GC invocations=10 (full 1):
 PSYoungGen      total 137728K, used 8672K [0x00000000eb100000, 0x00000000f8780000, 0x0000000100000000)
  eden space 129024K, 0% used [0x00000000eb100000,0x00000000eb100000,0x00000000f2f00000)
  from space 8704K, 99% used [0x00000000f2f00000,0x00000000f3778380,0x00000000f3780000)
  to   space 11776K, 0% used [0x00000000f7c00000,0x00000000f7c00000,0x00000000f8780000)
 ParOldGen       total 28160K, used 8923K [0x00000000c1200000, 0x00000000c2d80000, 0x00000000eb100000)
  object space 28160K, 31% used [0x00000000c1200000,0x00000000c1ab6f78,0x00000000c2d80000)
 Metaspace       used 28630K, capacity 29576K, committed 29820K, reserved 1075200K
  class space    used 3679K, capacity 3920K, committed 3964K, reserved 1048576K
}
Event: 10.519 GC heap before
{Heap before GC invocations=11 (full 1):
 PSYoungGen      total 137728K, used 132108K [0x00000000eb100000, 0x00000000f8780000, 0x0000000100000000)
  eden space 129024K, 95% used [0x00000000eb100000,0x00000000f298ae30,0x00000000f2f00000)
  from space 8704K, 99% used [0x00000000f2f00000,0x00000000f3778380,0x00000000f3780000)
  to   space 11776K, 0% used [0x00000000f7c00000,0x00000000f7c00000,0x00000000f8780000)
 ParOldGen       total 28160K, used 8923K [0x00000000c1200000, 0x00000000c2d80000, 0x00000000eb100000)
  object space 28160K, 31% used [0x00000000c1200000,0x00000000c1ab6f78,0x00000000c2d80000)
 Metaspace       used 34934K, capacity 36509K, committed 36600K, reserved 1081344K
  class space    used 4478K, capacity 4765K, committed 4856K, reserved 1048576K
Event: 10.556 GC heap after
Heap after GC invocations=11 (full 1):
 PSYoungGen      total 202752K, used 11760K [0x00000000eb100000, 0x00000000f8e80000, 0x0000000100000000)
  eden space 190976K, 0% used [0x00000000eb100000,0x00000000eb100000,0x00000000f6b80000)
  from space 11776K, 99% used [0x00000000f7c00000,0x00000000f877c190,0x00000000f8780000)
  to   space 16896K, 0% used [0x00000000f6b80000,0x00000000f6b80000,0x00000000f7c00000)
 ParOldGen       total 28160K, used 18761K [0x00000000c1200000, 0x00000000c2d80000, 0x00000000eb100000)
  object space 28160K, 66% used [0x00000000c1200000,0x00000000c2452710,0x00000000c2d80000)
 Metaspace       used 34934K, capacity 36509K, committed 36600K, reserved 1081344K
  class space    used 4478K, capacity 4765K, committed 4856K, reserved 1048576K
}
Event: 10.556 GC heap before
{Heap before GC invocations=12 (full 2):
 PSYoungGen      total 202752K, used 11760K [0x00000000eb100000, 0x00000000f8e80000, 0x0000000100000000)
  eden space 190976K, 0% used [0x00000000eb100000,0x00000000eb100000,0x00000000f6b80000)
  from space 11776K, 99% used [0x00000000f7c00000,0x00000000f877c190,0x00000000f8780000)
  to   space 16896K, 0% used [0x00000000f6b80000,0x00000000f6b80000,0x00000000f7c00000)
 ParOldGen       total 28160K, used 18761K [0x00000000c1200000, 0x00000000c2d80000, 0x00000000eb100000)
  object space 28160K, 66% used [0x00000000c1200000,0x00000000c2452710,0x00000000c2d80000)
 Metaspace       used 34934K, capacity 36509K, committed 36600K, reserved 1081344K
  class space    used 4478K, capacity 4765K, committed 4856K, reserved 1048576K
Event: 10.692 GC heap after
Heap after GC invocations=12 (full 2):
 PSYoungGen      total 202752K, used 0K [0x00000000eb100000, 0x00000000f8e80000, 0x0000000100000000)
  eden space 190976K, 0% used [0x00000000eb100000,0x00000000eb100000,0x00000000f6b80000)
  from space 11776K, 0% used [0x00000000f7c00000,0x00000000f7c00000,0x00000000f8780000)
  to   space 16896K, 0% used [0x00000000f6b80000,0x00000000f6b80000,0x00000000f7c00000)
 ParOldGen       total 55808K, used 25933K [0x00000000c1200000, 0x00000000c4880000, 0x00000000eb100000)
  object space 55808K, 46% used [0x00000000c1200000,0x00000000c2b53788,0x00000000c4880000)
 Metaspace       used 34934K, capacity 36509K, committed 36600K, reserved 1081344K
  class space    used 4478K, capacity 4765K, committed 4856K, reserved 1048576K
}

