# JRE version: Java(TM) SE Runtime Environment (8.0_40-b25) (build 1.8.0_40-b25)
# Java VM: Java HotSpot(TM) 64-Bit Server VM (25.40-b25 mixed mode windows-amd64 compressed oops)
Heap:
 PSYoungGen      total 147968K, used 15042K [0x00000000eb100000, 0x00000000f6f80000, 0x0000000100000000)
  eden space 133120K, 7% used [0x00000000eb100000,0x00000000eba5faa0,0x00000000f3300000)
  from space 14848K, 36% used [0x00000000f4100000,0x00000000f4651100,0x00000000f4f80000)
  to   space 14336K, 0% used [0x00000000f3300000,0x00000000f3300000,0x00000000f4100000)
 ParOldGen       total 65536K, used 27050K [0x00000000c1200000, 0x00000000c5200000, 0x00000000eb100000)
  object space 65536K, 41% used [0x00000000c1200000,0x00000000c2c6a980,0x00000000c5200000)
 Metaspace       used 43778K, capacity 46210K, committed 46384K, reserved 1089536K
  class space    used 5636K, capacity 6073K, committed 6192K, reserved 1048576K
GC Heap History (10 events):
Event: 8.499 GC heap before
{Heap before GC invocations=11 (full 2):
 PSYoungGen      total 113152K, used 10234K [0x00000000eb100000, 0x00000000f5880000, 0x0000000100000000)
  eden space 102912K, 0% used [0x00000000eb100000,0x00000000eb100000,0x00000000f1580000)
  from space 10240K, 99% used [0x00000000f1580000,0x00000000f1f7e980,0x00000000f1f80000)
  to   space 15872K, 0% used [0x00000000f4900000,0x00000000f4900000,0x00000000f5880000)
 ParOldGen       total 35328K, used 19334K [0x00000000c1200000, 0x00000000c3480000, 0x00000000eb100000)
  object space 35328K, 54% used [0x00000000c1200000,0x00000000c24e1890,0x00000000c3480000)
 Metaspace       used 33933K, capacity 35362K, committed 35496K, reserved 1081344K
  class space    used 4348K, capacity 4627K, committed 4656K, reserved 1048576K
Event: 8.648 GC heap after
Heap after GC invocations=11 (full 2):
 PSYoungGen      total 113152K, used 0K [0x00000000eb100000, 0x00000000f5880000, 0x0000000100000000)
  eden space 102912K, 0% used [0x00000000eb100000,0x00000000eb100000,0x00000000f1580000)
  from space 10240K, 0% used [0x00000000f1580000,0x00000000f1580000,0x00000000f1f80000)
  to   space 15872K, 0% used [0x00000000f4900000,0x00000000f4900000,0x00000000f5880000)
 ParOldGen       total 65536K, used 24877K [0x00000000c1200000, 0x00000000c5200000, 0x00000000eb100000)
  object space 65536K, 37% used [0x00000000c1200000,0x00000000c2a4b4b0,0x00000000c5200000)
 Metaspace       used 33933K, capacity 35362K, committed 35496K, reserved 1081344K
  class space    used 4348K, capacity 4627K, committed 4656K, reserved 1048576K
}
Event: 10.919 GC heap before
{Heap before GC invocations=12 (full 2):
 PSYoungGen      total 113152K, used 102912K [0x00000000eb100000, 0x00000000f5880000, 0x0000000100000000)
  eden space 102912K, 100% used [0x00000000eb100000,0x00000000f1580000,0x00000000f1580000)
  from space 10240K, 0% used [0x00000000f1580000,0x00000000f1580000,0x00000000f1f80000)
  to   space 15872K, 0% used [0x00000000f4900000,0x00000000f4900000,0x00000000f5880000)
 ParOldGen       total 65536K, used 24877K [0x00000000c1200000, 0x00000000c5200000, 0x00000000eb100000)
  object space 65536K, 37% used [0x00000000c1200000,0x00000000c2a4b4b0,0x00000000c5200000)
 Metaspace       used 39243K, capacity 41190K, committed 41392K, reserved 1085440K
  class space    used 5081K, capacity 5425K, committed 5552K, reserved 1048576K
Event: 10.937 GC heap after
Heap after GC invocations=12 (full 2):
 PSYoungGen      total 140800K, used 7822K [0x00000000eb100000, 0x00000000f5100000, 0x0000000100000000)
  eden space 132608K, 0% used [0x00000000eb100000,0x00000000eb100000,0x00000000f3280000)
  from space 8192K, 95% used [0x00000000f4900000,0x00000000f50a3a40,0x00000000f5100000)
  to   space 15360K, 0% used [0x00000000f3300000,0x00000000f3300000,0x00000000f4200000)
 ParOldGen       total 65536K, used 24885K [0x00000000c1200000, 0x00000000c5200000, 0x00000000eb100000)
  object space 65536K, 37% used [0x00000000c1200000,0x00000000c2a4d4b0,0x00000000c5200000)
 Metaspace       used 39243K, capacity 41190K, committed 41392K, reserved 1085440K
  class space    used 5081K, capacity 5425K, committed 5552K, reserved 1048576K
}
Event: 216.758 GC heap before
{Heap before GC invocations=13 (full 2):
 PSYoungGen      total 140800K, used 82715K [0x00000000eb100000, 0x00000000f5100000, 0x0000000100000000)
  eden space 132608K, 56% used [0x00000000eb100000,0x00000000efa23568,0x00000000f3280000)
  from space 8192K, 95% used [0x00000000f4900000,0x00000000f50a3a40,0x00000000f5100000)
  to   space 15360K, 0% used [0x00000000f3300000,0x00000000f3300000,0x00000000f4200000)
 ParOldGen       total 65536K, used 24885K [0x00000000c1200000, 0x00000000c5200000, 0x00000000eb100000)
  object space 65536K, 37% used [0x00000000c1200000,0x00000000c2a4d4b0,0x00000000c5200000)
 Metaspace       used 43115K, capacity 45536K, committed 45744K, reserved 1089536K
  class space    used 5617K, capacity 6049K, committed 6064K, reserved 1048576K
Event: 216.773 GC heap after
Heap after GC invocations=13 (full 2):
 PSYoungGen      total 140288K, used 7505K [0x00000000eb100000, 0x00000000f4f80000, 0x0000000100000000)
  eden space 132608K, 0% used [0x00000000eb100000,0x00000000eb100000,0x00000000f3280000)
  from space 7680K, 97% used [0x00000000f3300000,0x00000000f3a546a8,0x00000000f3a80000)
  to   space 14848K, 0% used [0x00000000f4100000,0x00000000f4100000,0x00000000f4f80000)
 ParOldGen       total 65536K, used 24893K [0x00000000c1200000, 0x00000000c5200000, 0x00000000eb100000)
  object space 65536K, 37% used [0x00000000c1200000,0x00000000c2a4f4b0,0x00000000c5200000)
 Metaspace       used 43115K, capacity 45536K, committed 45744K, reserved 1089536K
  class space    used 5617K, capacity 6049K, committed 6064K, reserved 1048576K
}
Event: 216.773 GC heap before
{Heap before GC invocations=14 (full 3):
 PSYoungGen      total 140288K, used 7505K [0x00000000eb100000, 0x00000000f4f80000, 0x0000000100000000)
  eden space 132608K, 0% used [0x00000000eb100000,0x00000000eb100000,0x00000000f3280000)
  from space 7680K, 97% used [0x00000000f3300000,0x00000000f3a546a8,0x00000000f3a80000)
  to   space 14848K, 0% used [0x00000000f4100000,0x00000000f4100000,0x00000000f4f80000)
 ParOldGen       total 65536K, used 24893K [0x00000000c1200000, 0x00000000c5200000, 0x00000000eb100000)
  object space 65536K, 37% used [0x00000000c1200000,0x00000000c2a4f4b0,0x00000000c5200000)
 Metaspace       used 43115K, capacity 45536K, committed 45744K, reserved 1089536K
  class space    used 5617K, capacity 6049K, committed 6064K, reserved 1048576K
Event: 216.975 GC heap after
Heap after GC invocations=14 (full 3):
 PSYoungGen      total 140288K, used 0K [0x00000000eb100000, 0x00000000f4f80000, 0x0000000100000000)
  eden space 132608K, 0% used [0x00000000eb100000,0x00000000eb100000,0x00000000f3280000)
  from space 7680K, 0% used [0x00000000f3300000,0x00000000f3300000,0x00000000f3a80000)
  to   space 14848K, 0% used [0x00000000f4100000,0x00000000f4100000,0x00000000f4f80000)
 ParOldGen       total 65536K, used 27042K [0x00000000c1200000, 0x00000000c5200000, 0x00000000eb100000)
  object space 65536K, 41% used [0x00000000c1200000,0x00000000c2c68980,0x00000000c5200000)
 Metaspace       used 43115K, capacity 45536K, committed 45744K, reserved 1089536K
  class space    used 5617K, capacity 6049K, committed 6064K, reserved 1048576K
}
Event: 222.389 GC heap before
{Heap before GC invocations=15 (full 3):
 PSYoungGen      total 140288K, used 132608K [0x00000000eb100000, 0x00000000f4f80000, 0x0000000100000000)
  eden space 132608K, 100% used [0x00000000eb100000,0x00000000f3280000,0x00000000f3280000)
  from space 7680K, 0% used [0x00000000f3300000,0x00000000f3300000,0x00000000f3a80000)
  to   space 14848K, 0% used [0x00000000f4100000,0x00000000f4100000,0x00000000f4f80000)
 ParOldGen       total 65536K, used 27042K [0x00000000c1200000, 0x00000000c5200000, 0x00000000eb100000)
  object space 65536K, 41% used [0x00000000c1200000,0x00000000c2c68980,0x00000000c5200000)
 Metaspace       used 43777K, capacity 46210K, committed 46384K, reserved 1089536K
  class space    used 5636K, capacity 6073K, committed 6192K, reserved 1048576K
Event: 222.412 GC heap after
Heap after GC invocations=15 (full 3):
 PSYoungGen      total 147968K, used 5444K [0x00000000eb100000, 0x00000000f6f80000, 0x0000000100000000)
  eden space 133120K, 0% used [0x00000000eb100000,0x00000000eb100000,0x00000000f3300000)
  from space 14848K, 36% used [0x00000000f4100000,0x00000000f4651100,0x00000000f4f80000)
  to   space 14336K, 0% used [0x00000000f3300000,0x00000000f3300000,0x00000000f4100000)
 ParOldGen       total 65536K, used 27050K [0x00000000c1200000, 0x00000000c5200000, 0x00000000eb100000)
  object space 65536K, 41% used [0x00000000c1200000,0x00000000c2c6a980,0x00000000c5200000)
 Metaspace       used 43777K, capacity 46210K, committed 46384K, reserved 1089536K
  class space    used 5636K, capacity 6073K, committed 6192K, reserved 1048576K
}

